Flow report for uart_new
Mon Feb 06 17:04:32 2023
Quartus II 64-Bit Version 13.0.1 Build 232 06/12/2013 Service Pack 1 SJ Web Edition


---------------------
; Table of Contents ;
---------------------
  1. Legal Notice
  2. Flow Summary
  3. Flow Settings
  4. Flow Non-Default Global Settings
  5. Flow Elapsed Time
  6. Flow OS Summary
  7. Flow Log
  8. Flow Messages
  9. Flow Suppressed Messages



----------------
; Legal Notice ;
----------------
Copyright (C) 1991-2013 Altera Corporation
Your use of Altera Corporation's design tools, logic functions 
and other software and tools, and its AMPP partner logic 
functions, and any output files from any of the foregoing 
(including device programming or simulation files), and any 
associated documentation or information are expressly subject 
to the terms and conditions of the Altera Program License 
Subscription Agreement, Altera MegaCore Function License 
Agreement, or other applicable license agreement, including, 
without limitation, that your use is for the sole purpose of 
programming logic devices manufactured by Altera and sold by 
Altera or its authorized distributors.  Please refer to the 
applicable agreement for further details.



+--------------------------------------------------------------------------------------+
; Flow Summary                                                                         ;
+------------------------------------+-------------------------------------------------+
; Flow Status                        ; Successful - Mon Feb 06 17:04:30 2023           ;
; Quartus II 64-Bit Version          ; 13.0.1 Build 232 06/12/2013 SP 1 SJ Web Edition ;
; Revision Name                      ; uart_new                                        ;
; Top-level Entity Name              ; testing64In                                     ;
; Family                             ; Cyclone II                                      ;
; Device                             ; EP2C20F484C7                                    ;
; Timing Models                      ; Final                                           ;
; Total logic elements               ; 115 / 18,752 ( < 1 % )                          ;
;     Total combinational functions  ; 115 / 18,752 ( < 1 % )                          ;
;     Dedicated logic registers      ; 80 / 18,752 ( < 1 % )                           ;
; Total registers                    ; 80                                              ;
; Total pins                         ; 12 / 315 ( 4 % )                                ;
; Total virtual pins                 ; 0                                               ;
; Total memory bits                  ; 0 / 239,616 ( 0 % )                             ;
; Embedded Multiplier 9-bit elements ; 0 / 52 ( 0 % )                                  ;
; Total PLLs                         ; 0 / 4 ( 0 % )                                   ;
+------------------------------------+-------------------------------------------------+


+-----------------------------------------+
; Flow Settings                           ;
+-------------------+---------------------+
; Option            ; Setting             ;
+-------------------+---------------------+
; Start date & time ; 02/06/2023 17:04:23 ;
; Main task         ; Compilation         ;
; Revision Name     ; uart_new            ;
+-------------------+---------------------+


+-----------------------------------------------------------------------------------------------------------------------------------------------------------------+
; Flow Non-Default Global Settings                                                                                                                                ;
+-------------------------------------+--------------------------------------------------------------------------+---------------+-------------------+------------+
; Assignment Name                     ; Value                                                                    ; Default Value ; Entity Name       ; Section Id ;
+-------------------------------------+--------------------------------------------------------------------------+---------------+-------------------+------------+
; COMPILER_SIGNATURE_ID               ; 49410870481047.167572106206492                                           ; --            ; --                ; --         ;
; IP_TOOL_ENV                         ; mwpim                                                                    ; --            ; RS                ; --         ;
; IP_TOOL_ENV                         ; mwpim                                                                    ; --            ; RS                ; --         ;
; IP_TOOL_ENV                         ; mwpim                                                                    ; --            ; RS_0002           ; --         ;
; IP_TOOL_ENV                         ; mwpim                                                                    ; --            ; altera_rs_ser_enc ; --         ;
; IP_TOOL_NAME                        ; altera_rs_ii                                                             ; --            ; RS                ; --         ;
; IP_TOOL_NAME                        ; altera_rs_ii                                                             ; --            ; RS                ; --         ;
; IP_TOOL_NAME                        ; altera_rs_ii                                                             ; --            ; RS_0002           ; --         ;
; IP_TOOL_NAME                        ; altera_rs_ser_enc                                                        ; --            ; altera_rs_ser_enc ; --         ;
; IP_TOOL_VERSION                     ; 13.0sp1                                                                  ; --            ; RS                ; --         ;
; IP_TOOL_VERSION                     ; 13.0sp1                                                                  ; --            ; RS                ; --         ;
; IP_TOOL_VERSION                     ; 13.0                                                                     ; --            ; RS_0002           ; --         ;
; IP_TOOL_VERSION                     ; 13.0                                                                     ; --            ; altera_rs_ser_enc ; --         ;
; MAX_CORE_JUNCTION_TEMP              ; 85                                                                       ; --            ; --                ; --         ;
; MIN_CORE_JUNCTION_TEMP              ; 0                                                                        ; --            ; --                ; --         ;
; MISC_FILE                           ; ../../../../../Wizard/RS.cmp                                             ; --            ; --                ; --         ;
; MISC_FILE                           ; ../../../../../Wizard/RS_sim/RS.v                                        ; --            ; --                ; --         ;
; MISC_FILE                           ; ../../../../../Wizard/RS_sim/altera_rs_ii/altera_rs_ii_0001.v            ; --            ; --                ; --         ;
; MISC_FILE                           ; ../../../../../Wizard/RS_sim/altera_rs_ser_enc/altera_rs_ser_enc_0001.vo ; --            ; --                ; --         ;
; PARTITION_COLOR                     ; 16764057                                                                 ; --            ; testing64In       ; Top        ;
; PARTITION_FITTER_PRESERVATION_LEVEL ; PLACEMENT_AND_ROUTING                                                    ; --            ; testing64In       ; Top        ;
; PARTITION_NETLIST_TYPE              ; SOURCE                                                                   ; --            ; testing64In       ; Top        ;
; PROJECT_OUTPUT_DIRECTORY            ; output_files                                                             ; --            ; --                ; --         ;
; SPD_FILE                            ; ../../../../../Wizard/RS.spd                                             ; --            ; --                ; --         ;
; SYNTHESIS_ONLY_QIP                  ; On                                                                       ; --            ; --                ; --         ;
; TOP_LEVEL_ENTITY                    ; testing64In                                                              ; uart_new      ; --                ; --         ;
+-------------------------------------+--------------------------------------------------------------------------+---------------+-------------------+------------+


+-------------------------------------------------------------------------------------------------------------------------------+
; Flow Elapsed Time                                                                                                             ;
+---------------------------+--------------+-------------------------+---------------------+------------------------------------+
; Module Name               ; Elapsed Time ; Average Processors Used ; Peak Virtual Memory ; Total CPU Time (on all processors) ;
+---------------------------+--------------+-------------------------+---------------------+------------------------------------+
; Analysis & Synthesis      ; 00:00:02     ; 1.0                     ; 4639 MB             ; 00:00:01                           ;
; Fitter                    ; 00:00:03     ; 1.0                     ; 4840 MB             ; 00:00:03                           ;
; Assembler                 ; 00:00:01     ; 1.0                     ; 4542 MB             ; 00:00:01                           ;
; TimeQuest Timing Analyzer ; 00:00:01     ; 1.0                     ; 4536 MB             ; 00:00:01                           ;
; Total                     ; 00:00:07     ; --                      ; --                  ; 00:00:06                           ;
+---------------------------+--------------+-------------------------+---------------------+------------------------------------+


+----------------------------------------------------------------------------------------+
; Flow OS Summary                                                                        ;
+---------------------------+------------------+-----------+------------+----------------+
; Module Name               ; Machine Hostname ; OS Name   ; OS Version ; Processor type ;
+---------------------------+------------------+-----------+------------+----------------+
; Analysis & Synthesis      ; DESKTOP-T3ROSQP  ; Windows 7 ; 6.2        ; x86_64         ;
; Fitter                    ; DESKTOP-T3ROSQP  ; Windows 7 ; 6.2        ; x86_64         ;
; Assembler                 ; DESKTOP-T3ROSQP  ; Windows 7 ; 6.2        ; x86_64         ;
; TimeQuest Timing Analyzer ; DESKTOP-T3ROSQP  ; Windows 7 ; 6.2        ; x86_64         ;
+---------------------------+------------------+-----------+------------+----------------+


------------
; Flow Log ;
------------
quartus_map --read_settings_files=on --write_settings_files=off uart_new -c uart_new
quartus_fit --read_settings_files=off --write_settings_files=off uart_new -c uart_new
quartus_asm --read_settings_files=off --write_settings_files=off uart_new -c uart_new
quartus_sta uart_new -c uart_new



